  Building Custom Rule C:/Users/Maahi/Desktop/libcef3/cef-project/third_party/cef/cef_binary_3.3325.1756.g6d8faa4_windows32/libcef_dll/CMakeLists.txt
  CMake does not need to re-run because C:/Users/Maahi/Desktop/libcef3/cef-project/build/libcef_dll_wrapper/CMakeFiles/generate.stamp is up-to-date.
  transfer_util.cc
  cef_atomicops_x86_gcc.cc
  cef_bind_helpers.cc
  cef_callback_helpers.cc
  cef_callback_internal.cc
  cef_lock.cc
  cef_lock_impl.cc
  cef_logging.cc
  cef_ref_counted.cc
  cef_string16.cc
  cef_thread_checker_impl.cc
  cef_thread_collision_warner.cc
  cef_weak_ptr.cc
  accessibility_handler_cpptoc.cc
  app_cpptoc.cc
  base_ref_counted_cpptoc.cc
  base_scoped_cpptoc.cc
  browser_process_handler_cpptoc.cc
  client_cpptoc.cc
  completion_callback_cpptoc.cc
  context_menu_handler_cpptoc.cc
  cookie_visitor_cpptoc.cc
  delete_cookies_callback_cpptoc.cc
  dialog_handler_cpptoc.cc
  display_handler_cpptoc.cc
  domvisitor_cpptoc.cc
  download_handler_cpptoc.cc
  download_image_callback_cpptoc.cc
  drag_handler_cpptoc.cc
  end_tracing_callback_cpptoc.cc
  extension_handler_cpptoc.cc
  find_handler_cpptoc.cc
  focus_handler_cpptoc.cc
  jsdialog_handler_cpptoc.cc
  keyboard_handler_cpptoc.cc
  life_span_handler_cpptoc.cc
  load_handler_cpptoc.cc
  menu_model_delegate_cpptoc.cc
  navigation_entry_visitor_cpptoc.cc
  pdf_print_callback_cpptoc.cc
  print_handler_cpptoc.cc
  read_handler_cpptoc.cc
  register_cdm_callback_cpptoc.cc
  render_handler_cpptoc.cc
  render_process_handler_cpptoc.cc
  request_context_handler_cpptoc.cc
  request_handler_cpptoc.cc
  resolve_callback_cpptoc.cc
  resource_bundle_handler_cpptoc.cc
  resource_handler_cpptoc.cc
  response_filter_cpptoc.cc
  run_file_dialog_callback_cpptoc.cc
  scheme_handler_factory_cpptoc.cc
  server_handler_cpptoc.cc
  set_cookie_callback_cpptoc.cc
  string_visitor_cpptoc.cc
  task_cpptoc.cc
  urlrequest_client_cpptoc.cc
  v8accessor_cpptoc.cc
  v8handler_cpptoc.cc
  v8interceptor_cpptoc.cc
  web_plugin_info_visitor_cpptoc.cc
  web_plugin_unstable_callback_cpptoc.cc
  write_handler_cpptoc.cc
  translator_test_ref_ptr_client_child_cpptoc.cc
  translator_test_ref_ptr_client_cpptoc.cc
  translator_test_scoped_client_child_cpptoc.cc
  translator_test_scoped_client_cpptoc.cc
  browser_view_delegate_cpptoc.cc
  button_delegate_cpptoc.cc
  menu_button_delegate_cpptoc.cc
  panel_delegate_cpptoc.cc
  textfield_delegate_cpptoc.cc
  view_delegate_cpptoc.cc
  window_delegate_cpptoc.cc
  auth_callback_ctocpp.cc
  before_download_callback_ctocpp.cc
  binary_value_ctocpp.cc
  browser_ctocpp.cc
  browser_host_ctocpp.cc
  callback_ctocpp.cc
  command_line_ctocpp.cc
  context_menu_params_ctocpp.cc
  cookie_manager_ctocpp.cc
  dictionary_value_ctocpp.cc
  domdocument_ctocpp.cc
  domnode_ctocpp.cc
  download_item_callback_ctocpp.cc
  download_item_ctocpp.cc
  drag_data_ctocpp.cc
  extension_ctocpp.cc
  file_dialog_callback_ctocpp.cc
  frame_ctocpp.cc
  get_extension_resource_callback_ctocpp.cc
  image_ctocpp.cc
  jsdialog_callback_ctocpp.cc
  list_value_ctocpp.cc
  menu_model_ctocpp.cc
  navigation_entry_ctocpp.cc
  post_data_ctocpp.cc
  post_data_element_ctocpp.cc
  print_dialog_callback_ctocpp.cc
  print_job_callback_ctocpp.cc
  print_settings_ctocpp.cc
  process_message_ctocpp.cc
  request_callback_ctocpp.cc
  request_context_ctocpp.cc
  request_ctocpp.cc
  resource_bundle_ctocpp.cc
  response_ctocpp.cc
  run_context_menu_callback_ctocpp.cc
  scheme_registrar_ctocpp.cc
  select_client_certificate_callback_ctocpp.cc
  server_ctocpp.cc
  sslinfo_ctocpp.cc
  sslstatus_ctocpp.cc
  stream_reader_ctocpp.cc
  stream_writer_ctocpp.cc
  task_runner_ctocpp.cc
  thread_ctocpp.cc
  urlrequest_ctocpp.cc
  v8context_ctocpp.cc
  v8exception_ctocpp.cc
  v8stack_frame_ctocpp.cc
  v8stack_trace_ctocpp.cc
  v8value_ctocpp.cc
  value_ctocpp.cc
  waitable_event_ctocpp.cc
  web_plugin_info_ctocpp.cc
  x509cert_principal_ctocpp.cc
  x509certificate_ctocpp.cc
  xml_reader_ctocpp.cc
  zip_reader_ctocpp.cc
  translator_test_ctocpp.cc
  translator_test_ref_ptr_library_child_child_ctocpp.cc
  translator_test_ref_ptr_library_child_ctocpp.cc
  translator_test_ref_ptr_library_ctocpp.cc
  translator_test_scoped_library_child_child_ctocpp.cc
  translator_test_scoped_library_child_ctocpp.cc
  translator_test_scoped_library_ctocpp.cc
  box_layout_ctocpp.cc
  browser_view_ctocpp.cc
  button_ctocpp.cc
  display_ctocpp.cc
  fill_layout_ctocpp.cc
  label_button_ctocpp.cc
  layout_ctocpp.cc
  menu_button_ctocpp.cc
  menu_button_pressed_lock_ctocpp.cc
  panel_ctocpp.cc
  scroll_view_ctocpp.cc
  textfield_ctocpp.cc
  view_ctocpp.cc
  window_ctocpp.cc
  cef_byte_read_handler.cc
  cef_closure_task.cc
  cef_message_router.cc
  cef_resource_manager.cc
  cef_scoped_temp_dir.cc
  cef_stream_resource_handler.cc
  cef_xml_object.cc
  cef_zip_archive.cc
  libcef_dll_wrapper.cc
  libcef_dll_wrapper2.cc
cef_string16.obj : warning LNK4221: This object file does not define any previously undefined public symbols, so it will not be used by any link operation that consumes this library
  libcef_dll_wrapper.vcxproj -> C:\Users\Maahi\Desktop\libcef3\cef-project\build\libcef_dll_wrapper\Debug\libcef_dll_wrapper.lib
