c:\users\maahi\documents\visual studio 2017\projects\libcef3\libcef3\release\vc141.pdb
c:\users\maahi\documents\visual studio 2017\projects\libcef3\libcef3\release\simple_handler_win.obj
c:\users\maahi\documents\visual studio 2017\projects\libcef3\libcef3\release\simple_handler.obj
c:\users\maahi\documents\visual studio 2017\projects\libcef3\libcef3\release\simple_app.obj
c:\users\maahi\documents\visual studio 2017\projects\libcef3\libcef3\release\cefsimple_win.obj
c:\users\maahi\documents\visual studio 2017\projects\libcef3\release\libcef3.ipdb
c:\users\maahi\documents\visual studio 2017\projects\libcef3\release\libcef3.iobj
c:\users\maahi\documents\visual studio 2017\projects\libcef3\release\libcef3.exe
c:\users\maahi\documents\visual studio 2017\projects\libcef3\release\libcef3.pdb
c:\users\maahi\documents\visual studio 2017\projects\libcef3\libcef3\release\cefsimple.res
c:\users\maahi\documents\visual studio 2017\projects\libcef3\libcef3\release\libcef3.tlog\cl.command.1.tlog
c:\users\maahi\documents\visual studio 2017\projects\libcef3\libcef3\release\libcef3.tlog\cl.read.1.tlog
c:\users\maahi\documents\visual studio 2017\projects\libcef3\libcef3\release\libcef3.tlog\cl.write.1.tlog
c:\users\maahi\documents\visual studio 2017\projects\libcef3\libcef3\release\libcef3.tlog\libcef3.write.1u.tlog
c:\users\maahi\documents\visual studio 2017\projects\libcef3\libcef3\release\libcef3.tlog\link.command.1.tlog
c:\users\maahi\documents\visual studio 2017\projects\libcef3\libcef3\release\libcef3.tlog\link.read.1.tlog
c:\users\maahi\documents\visual studio 2017\projects\libcef3\libcef3\release\libcef3.tlog\link.write.1.tlog
c:\users\maahi\documents\visual studio 2017\projects\libcef3\libcef3\release\libcef3.tlog\rc.command.1.tlog
c:\users\maahi\documents\visual studio 2017\projects\libcef3\libcef3\release\libcef3.tlog\rc.read.1.tlog
c:\users\maahi\documents\visual studio 2017\projects\libcef3\libcef3\release\libcef3.tlog\rc.write.1.tlog
